<?xml version="1.0" encoding="UTF-8"?>
<testng-results ignored="0" total="1" passed="0" failed="1" skipped="0">
  <reporter-output>
    <line>
      <![CDATA[Launching Kite App]]>
    </line>
    <line>
      <![CDATA[Sending UserID]]>
    </line>
    <line>
      <![CDATA[Sending passward]]>
    </line>
    <line>
      <![CDATA[Clicking on login button]]>
    </line>
    <line>
      <![CDATA[Sending pin]]>
    </line>
    <line>
      <![CDATA[Clicking on continue button]]>
    </line>
    <line>
      <![CDATA[TC is Executing KiteUserValidate]]>
    </line>
    <line>
      <![CDATA[Taken Screenshot ]]>
    </line>
    <line>
      <![CDATA[Clicking on logOut button]]>
    </line>
    <line>
      <![CDATA[Closing the browser]]>
    </line>
  </reporter-output>
  <suite started-at="2022-08-07T23:57:35 IST" name="Default suite" finished-at="2022-08-07T23:57:43 IST" duration-ms="7726">
    <groups>
    </groups>
    <test started-at="2022-08-07T23:57:35 IST" name="Default test" finished-at="2022-08-07T23:57:43 IST" duration-ms="7726">
      <class name="kitetestClasses.ValidatedKiteAppWithPropertyFile">
        <test-method is-config="true" signature="launchingBrowser()[pri:0, instance:kitetestClasses.ValidatedKiteAppWithPropertyFile@1cf6d1be]" started-at="2022-08-07T23:57:35 IST" name="launchingBrowser" finished-at="2022-08-07T23:57:40 IST" duration-ms="4524" status="PASS">
          <reporter-output>
            <line>
              <![CDATA[Launching Kite App]]>
            </line>
          </reporter-output>
        </test-method> <!-- launchingBrowser -->
        <test-method is-config="true" signature="loginToKiteApp()[pri:0, instance:kitetestClasses.ValidatedKiteAppWithPropertyFile@1cf6d1be]" started-at="2022-08-07T23:57:40 IST" name="loginToKiteApp" finished-at="2022-08-07T23:57:40 IST" duration-ms="637" status="PASS">
          <reporter-output>
            <line>
              <![CDATA[Sending UserID]]>
            </line>
            <line>
              <![CDATA[Sending passward]]>
            </line>
            <line>
              <![CDATA[Clicking on login button]]>
            </line>
            <line>
              <![CDATA[Sending pin]]>
            </line>
            <line>
              <![CDATA[Clicking on continue button]]>
            </line>
          </reporter-output>
        </test-method> <!-- loginToKiteApp -->
        <test-method signature="KiteUserValidate()[pri:0, instance:kitetestClasses.ValidatedKiteAppWithPropertyFile@1cf6d1be]" started-at="2022-08-07T23:57:40 IST" name="KiteUserValidate" finished-at="2022-08-07T23:57:42 IST" duration-ms="1310" status="FAIL">
          <exception class="java.lang.AssertionError">
            <message>
              <![CDATA[TC is Failed actual and ecpected are not match expected [PK7028] but found [PK7026]]]>
            </message>
            <full-stacktrace>
              <![CDATA[java.lang.AssertionError: TC is Failed actual and ecpected are not match expected [PK7028] but found [PK7026]
at org.testng.Assert.fail(Assert.java:110)
at org.testng.Assert.failNotEquals(Assert.java:1413)
at org.testng.Assert.assertEqualsImpl(Assert.java:149)
at org.testng.Assert.assertEquals(Assert.java:131)
at org.testng.Assert.assertEquals(Assert.java:655)
at kitetestClasses.ValidatedKiteAppWithPropertyFile.KiteUserValidate(ValidatedKiteAppWithPropertyFile.java:57)
at java.base/jdk.internal.reflect.NativeMethodAccessorImpl.invoke0(Native Method)
at java.base/jdk.internal.reflect.NativeMethodAccessorImpl.invoke(NativeMethodAccessorImpl.java:62)
at java.base/jdk.internal.reflect.DelegatingMethodAccessorImpl.invoke(DelegatingMethodAccessorImpl.java:43)
at java.base/java.lang.reflect.Method.invoke(Method.java:566)
at org.testng.internal.invokers.MethodInvocationHelper.invokeMethod(MethodInvocationHelper.java:139)
at org.testng.internal.invokers.TestInvoker.invokeMethod(TestInvoker.java:677)
at org.testng.internal.invokers.TestInvoker.invokeTestMethod(TestInvoker.java:221)
at org.testng.internal.invokers.MethodRunner.runInSequence(MethodRunner.java:50)
at org.testng.internal.invokers.TestInvoker$MethodInvocationAgent.invoke(TestInvoker.java:962)
at org.testng.internal.invokers.TestInvoker.invokeTestMethods(TestInvoker.java:194)
at org.testng.internal.invokers.TestMethodWorker.invokeTestMethods(TestMethodWorker.java:148)
at org.testng.internal.invokers.TestMethodWorker.run(TestMethodWorker.java:128)
at java.base/java.util.ArrayList.forEach(ArrayList.java:1541)
at org.testng.TestRunner.privateRun(TestRunner.java:806)
at org.testng.TestRunner.run(TestRunner.java:601)
at org.testng.SuiteRunner.runTest(SuiteRunner.java:433)
at org.testng.SuiteRunner.runSequentially(SuiteRunner.java:427)
at org.testng.SuiteRunner.privateRun(SuiteRunner.java:387)
at org.testng.SuiteRunner.run(SuiteRunner.java:330)
at org.testng.SuiteRunnerWorker.runSuite(SuiteRunnerWorker.java:52)
at org.testng.SuiteRunnerWorker.run(SuiteRunnerWorker.java:95)
at org.testng.TestNG.runSuitesSequentially(TestNG.java:1256)
at org.testng.TestNG.runSuitesLocally(TestNG.java:1176)
at org.testng.TestNG.runSuites(TestNG.java:1099)
at org.testng.TestNG.run(TestNG.java:1067)
at org.testng.remote.AbstractRemoteTestNG.run(AbstractRemoteTestNG.java:115)
at org.testng.remote.RemoteTestNG.initAndRun(RemoteTestNG.java:251)
at org.testng.remote.RemoteTestNG.main(RemoteTestNG.java:77)
]]>
            </full-stacktrace>
          </exception> <!-- java.lang.AssertionError -->
          <reporter-output>
            <line>
              <![CDATA[TC is Executing KiteUserValidate]]>
            </line>
            <line>
              <![CDATA[Taken Screenshot ]]>
            </line>
          </reporter-output>
        </test-method> <!-- KiteUserValidate -->
        <test-method is-config="true" signature="logOutKiteApp()[pri:0, instance:kitetestClasses.ValidatedKiteAppWithPropertyFile@1cf6d1be]" started-at="2022-08-07T23:57:42 IST" name="logOutKiteApp" finished-at="2022-08-07T23:57:43 IST" duration-ms="576" status="PASS">
          <reporter-output>
            <line>
              <![CDATA[Clicking on logOut button]]>
            </line>
          </reporter-output>
        </test-method> <!-- logOutKiteApp -->
        <test-method is-config="true" signature="closeBrowser()[pri:0, instance:kitetestClasses.ValidatedKiteAppWithPropertyFile@1cf6d1be]" started-at="2022-08-07T23:57:43 IST" name="closeBrowser" finished-at="2022-08-07T23:57:43 IST" duration-ms="182" status="PASS">
          <reporter-output>
            <line>
              <![CDATA[Closing the browser]]>
            </line>
          </reporter-output>
        </test-method> <!-- closeBrowser -->
      </class> <!-- kitetestClasses.ValidatedKiteAppWithPropertyFile -->
    </test> <!-- Default test -->
  </suite> <!-- Default suite -->
</testng-results>
